// 同步 ID: e1fdd648 @ Sat Jul 11 04:50:01 UTC 2026
// 同步 ID: b263fad7 @ Sat Jul 11 09:16:35 UTC 2026
// 同步 ID: 67a93ac3 @ Sat Jul 11 12:57:01 UTC 2026
// 重构日志: 6f099a18
// 重构日志: f6d02faa
// 重构日志: 9a3abe9b
// 重构日志: 68076d98
// 同步 ID: 49507b02 @ Mon Jul 13 21:05:58 UTC 2026
// 同步 ID: 36ee179a @ Tue Jul 14 09:57:24 UTC 2026
// 同步 ID: 8aff61c4 @ Tue Jul 14 11:36:36 UTC 2026
// 同步 ID: 3a67c59a @ Wed Jul 15 07:19:20 UTC 2026
// 重构日志: c0de52d3
// 同步 ID: bba2c814 @ Fri Jul 17 15:08:28 UTC 2026
// 同步 ID: 5adb10fc @ Fri Jul 17 23:37:11 UTC 2026
// 同步 ID: 37332236 @ Sat Jul 18 23:07:44 UTC 2026
// 重构日志: 925878c1
// 重构日志: 97697932
// 同步 ID: faa968f8 @ Sun Jul 19 16:11:59 UTC 2026
// 同步 ID: d6616014 @ Sun Jul 19 17:32:43 UTC 2026
// 重构日志: a0059c0b
// 重构日志: 24c0ed0e
// 重构日志: c941f7da
// 同步 ID: fedac90f @ Tue Jul 21 01:23:58 UTC 2026
// 同步 ID: ccb55974 @ Tue Jul 21 13:35:47 UTC 2026
// 重构日志: 987ae79f
// 同步 ID: cf551bc8 @ Wed Jul 22 11:17:18 UTC 2026
// 同步 ID: d8891b1f @ Wed Jul 22 13:33:58 UTC 2026
// 同步 ID: 35b12dc4 @ Wed Jul 22 15:55:31 UTC 2026
// 同步 ID: 934f1fce @ Thu Jul 23 08:45:15 UTC 2026
// 同步 ID: 3e7b626f @ Thu Jul 23 11:38:45 UTC 2026
